[0814/182944.188:ERROR:process_info.cc(329)] VirtualQueryEx: Access is denied. (0x5)
[0814/182943.998:ERROR:process_info.cc(329)] VirtualQueryEx: Access is denied. (0x5)
[0814/182943.998:ERROR:process_info.cc(329)] VirtualQueryEx: Access is denied. (0x5)
[0814/182944.501:ERROR:process_info.cc(329)] VirtualQueryEx: Access is denied. (0x5)
[0814/182945.723:ERROR:process_info.cc(556)] ReadMemoryInfo failed
[0814/182945.723:ERROR:process_info.cc(556)] ReadMemoryInfo failed
[0814/182945.723:ERROR:process_info.cc(556)] ReadMemoryInfo failed
[0814/182945.723:ERROR:process_info.cc(556)] ReadMemoryInfo failed
[0814/182945.723:ERROR:scoped_process_suspend.cc(40)] NtResumeProcess: An attempt was made to access an exiting process. (0xc000010a)
[0814/182945.724:ERROR:scoped_process_suspend.cc(40)] NtResumeProcess: An attempt was made to access an exiting process. (0xc000010a)
[0814/182945.724:ERROR:scoped_process_suspend.cc(40)] NtResumeProcess: An attempt was made to access an exiting process. (0xc000010a)
[0814/182945.723:ERROR:scoped_process_suspend.cc(40)] NtResumeProcess: An attempt was made to access an exiting process. (0xc000010a)
[1024/210658.424:ERROR:directory_reader_win.cc(43)] FindFirstFile: The system cannot find the path specified. (0x3)
[1025/071409.312:ERROR:directory_reader_win.cc(43)] FindFirstFile: The system cannot find the path specified. (0x3)
[1027/022600.200:ERROR:directory_reader_win.cc(43)] FindFirstFile: The system cannot find the path specified. (0x3)
[1028/111715.516:ERROR:directory_reader_win.cc(43)] FindFirstFile: The system cannot find the path specified. (0x3)
[1030/210139.463:ERROR:directory_reader_win.cc(43)] FindFirstFile: The system cannot find the path specified. (0x3)
[1118/104113.134:ERROR:directory_reader_win.cc(43)] FindFirstFile: The system cannot find the path specified. (0x3)
[1118/125739.601:ERROR:directory_reader_win.cc(43)] FindFirstFile: The system cannot find the path specified. (0x3)
[1125/154450.701:ERROR:directory_reader_win.cc(43)] FindFirstFile: The system cannot find the path specified. (0x3)
[1125/154450.733:ERROR:filesystem_win.cc(129)] GetFileAttributes C:\Users\SOMATRIX-PC\AppData\Local\Google\Chrome\User Data\Crashpad\attachments\bec67999-15b0-46c9-9e60-bb6aff3b9bd2: The system cannot find the path specified. (0x3)
